<?xml version="1.0" encoding="UTF-8" standalone="yes"?>
<ns2:test-suite start="1554329412687" stop="1554329422754" version="1.5.2" xmlns:ns2="urn:model.allure.qatools.yandex.ru">
    <name>Test mail.ru</name>
    <description type="text"></description>
    <test-cases>
        <test-case start="1554329412689" stop="1554329418095" status="passed">
            <name>Test positive check search field mail.ru</name>
            <title>Test positive check search field mail.ru</title>
            <description type="text"></description>
            <steps>
                <step start="1554329412690" stop="1554329414731" status="passed">
                    <name>Given I am on main application page</name>
                    <title>Given I am on main application page</title>
                    <attachments/>
                    <steps/>
                </step>
                <step start="1554329414732" stop="1554329414778" status="passed">
                    <name>And I see mail logo</name>
                    <title>And I see mail logo</title>
                    <attachments/>
                    <steps/>
                </step>
                <step start="1554329414779" stop="1554329414883" status="passed">
                    <name>And I am on search field</name>
                    <title>And I am on search field</title>
                    <attachments/>
                    <steps/>
                </step>
                <step start="1554329414884" stop="1554329415059" status="passed">
                    <name>And I enter the data</name>
                    <title>And I enter the data</title>
                    <attachments/>
                    <steps/>
                </step>
                <step start="1554329415059" stop="1554329417703" status="passed">
                    <name>And I click submit</name>
                    <title>And I click submit</title>
                    <attachments/>
                    <steps/>
                </step>
                <step start="1554329417704" stop="1554329417738" status="passed">
                    <name>And I see page with news</name>
                    <title>And I see page with news</title>
                    <attachments/>
                    <steps/>
                </step>
                <step start="1554329417738" stop="1554329418095" status="passed">
                    <name>Then I make screenshot</name>
                    <title>Then I make screenshot</title>
                    <attachments/>
                    <steps/>
                </step>
            </steps>
            <attachments/>
            <labels>
                <label name="story" value="Test positive check search field mail.ru"/>
                <label name="feature" value="Test mail.ru"/>
                <label name="host" value="DESKTOP-BKNN6JL"/>
                <label name="thread" value="2532@DESKTOP-BKNN6JL.main(1)"/>
                <label name="framework" value="CucumberJVM"/>
            </labels>
        </test-case>
        <test-case start="1554329418097" stop="1554329422754" status="broken">
            <name>Test positive check exists email address mail.ru</name>
            <title>Test positive check exists email address mail.ru</title>
            <description type="text"></description>
            <failure>
                <message>StaleElementReferenceException: stale element reference: element is not attached to the page document
  (Session info: chrome=73.0.3683.86)
  (Driver info: chromedriver=73.0.3683.20 (8e2b610813e167eee3619ac4ce6e42e3ec622017),platform=Windows NT 10.0.17134 x86_64) (WARNING: The server did not provide any stacktrace information)
Command duration or timeout: 0 milliseconds
For documentation on this error, please visit: https://www.seleniumhq.org/exceptions/stale_element_reference.html
Build info: version: '3.141.59', revision: 'e82be7d358', time: '2018-11-14T08:17:03'
System info: host: 'DESKTOP-BKNN6JL', ip: '192.168.100.10', os.name: 'Windows 10', os.arch: 'amd64', os.version: '10.0', java.version: '1.8.0_161'
Driver info: org.openqa.selenium.chrome.ChromeDriver
Capabilities {acceptInsecureCerts: false, acceptSslCerts: false, applicationCacheEnabled: false, browserConnectionEnabled: false, browserName: chrome, chrome: {chromedriverVersion: 73.0.3683.20 (8e2b610813e16..., userDataDir: C:\Users\User-PC\AppData\Lo...}, cssSelectorsEnabled: true, databaseEnabled: false, goog:chromeOptions: {debuggerAddress: localhost:50181}, handlesAlerts: true, hasTouchScreen: false, javascriptEnabled: true, locationContextEnabled: true, mobileEmulationEnabled: false, nativeEvents: true, networkConnectionEnabled: false, pageLoadStrategy: normal, platform: XP, platformName: XP, proxy: Proxy(), rotatable: false, setWindowRect: true, strictFileInteractability: false, takesHeapSnapshot: true, takesScreenshot: true, timeouts: {implicit: 0, pageLoad: 300000, script: 30000}, unexpectedAlertBehaviour: ignore, unhandledPromptBehavior: ignore, version: 73.0.3683.86, webStorageEnabled: true}
Session ID: e8eb92640e761b947f773e665f22ecfb</message>
                <stack-trace>org.openqa.selenium.StaleElementReferenceException: stale element reference: element is not attached to the page document
  (Session info: chrome=73.0.3683.86)
  (Driver info: chromedriver=73.0.3683.20 (8e2b610813e167eee3619ac4ce6e42e3ec622017),platform=Windows NT 10.0.17134 x86_64) (WARNING: The server did not provide any stacktrace information)
Command duration or timeout: 0 milliseconds
For documentation on this error, please visit: https://www.seleniumhq.org/exceptions/stale_element_reference.html
Build info: version: '3.141.59', revision: 'e82be7d358', time: '2018-11-14T08:17:03'
System info: host: 'DESKTOP-BKNN6JL', ip: '192.168.100.10', os.name: 'Windows 10', os.arch: 'amd64', os.version: '10.0', java.version: '1.8.0_161'
Driver info: org.openqa.selenium.chrome.ChromeDriver
Capabilities {acceptInsecureCerts: false, acceptSslCerts: false, applicationCacheEnabled: false, browserConnectionEnabled: false, browserName: chrome, chrome: {chromedriverVersion: 73.0.3683.20 (8e2b610813e16..., userDataDir: C:\Users\User-PC\AppData\Lo...}, cssSelectorsEnabled: true, databaseEnabled: false, goog:chromeOptions: {debuggerAddress: localhost:50181}, handlesAlerts: true, hasTouchScreen: false, javascriptEnabled: true, locationContextEnabled: true, mobileEmulationEnabled: false, nativeEvents: true, networkConnectionEnabled: false, pageLoadStrategy: normal, platform: XP, platformName: XP, proxy: Proxy(), rotatable: false, setWindowRect: true, strictFileInteractability: false, takesHeapSnapshot: true, takesScreenshot: true, timeouts: {implicit: 0, pageLoad: 300000, script: 30000}, unexpectedAlertBehaviour: ignore, unhandledPromptBehavior: ignore, version: 73.0.3683.86, webStorageEnabled: true}
Session ID: e8eb92640e761b947f773e665f22ecfb
	at sun.reflect.NativeConstructorAccessorImpl.newInstance0(Native Method)
	at sun.reflect.NativeConstructorAccessorImpl.newInstance(NativeConstructorAccessorImpl.java:62)
	at sun.reflect.DelegatingConstructorAccessorImpl.newInstance(DelegatingConstructorAccessorImpl.java:45)
	at java.lang.reflect.Constructor.newInstance(Constructor.java:423)
	at org.openqa.selenium.remote.ErrorHandler.createThrowable(ErrorHandler.java:214)
	at org.openqa.selenium.remote.ErrorHandler.throwIfResponseFailed(ErrorHandler.java:166)
	at org.openqa.selenium.remote.http.JsonHttpResponseCodec.reconstructValue(JsonHttpResponseCodec.java:40)
	at org.openqa.selenium.remote.http.AbstractHttpResponseCodec.decode(AbstractHttpResponseCodec.java:80)
	at org.openqa.selenium.remote.http.AbstractHttpResponseCodec.decode(AbstractHttpResponseCodec.java:44)
	at org.openqa.selenium.remote.HttpCommandExecutor.execute(HttpCommandExecutor.java:158)
	at org.openqa.selenium.remote.service.DriverCommandExecutor.execute(DriverCommandExecutor.java:83)
	at org.openqa.selenium.remote.RemoteWebDriver.execute(RemoteWebDriver.java:552)
	at org.openqa.selenium.remote.RemoteWebElement.execute(RemoteWebElement.java:285)
	at org.openqa.selenium.remote.RemoteWebElement.click(RemoteWebElement.java:84)
	at sun.reflect.NativeMethodAccessorImpl.invoke0(Native Method)
	at sun.reflect.NativeMethodAccessorImpl.invoke(NativeMethodAccessorImpl.java:62)
	at sun.reflect.DelegatingMethodAccessorImpl.invoke(DelegatingMethodAccessorImpl.java:43)
	at java.lang.reflect.Method.invoke(Method.java:498)
	at org.openqa.selenium.support.pagefactory.internal.LocatingElementHandler.invoke(LocatingElementHandler.java:51)
	at com.sun.proxy.$Proxy16.click(Unknown Source)
	at MailAutomationTest.MailRu.StepsMailRu.trayToSingUp(StepsMailRu.java:100)
	at âœ½.And I enter email(mailRuSpam.feature:16)
</stack-trace>
            </failure>
            <steps>
                <step start="1554329418097" stop="1554329420192" status="passed">
                    <name>Given I am on main application page</name>
                    <title>Given I am on main application page</title>
                </step>
                <step start="1554329420193" stop="1554329420254" status="passed">
                    <name>And I see mail logo</name>
                    <title>And I see mail logo</title>
                </step>
                <step start="1554329420254" stop="1554329420460" status="passed">
                    <name>And I click on sing up</name>
                    <title>And I click on sing up</title>
                </step>
                <step start="1554329420460" stop="1554329422746" status="broken">
                    <name>And I enter email</name>
                    <title>And I enter email</title>
                </step>
                <step start="1554329422746" stop="1554329422751" status="canceled">
                    <name>And I click registration</name>
                    <title>And I click registration</title>
                </step>
                <step start="1554329422751" stop="1554329422753" status="canceled">
                    <name>And I see error info about existing</name>
                    <title>And I see error info about existing</title>
                </step>
                <step start="1554329422754" stop="1554329422754" status="canceled">
                    <name>Then I make screenshot</name>
                    <title>Then I make screenshot</title>
                </step>
            </steps>
            <attachments/>
            <labels>
                <label name="story" value="Test positive check exists email address mail.ru"/>
                <label name="feature" value="Test mail.ru"/>
                <label name="host" value="DESKTOP-BKNN6JL"/>
                <label name="thread" value="2532@DESKTOP-BKNN6JL.main(1)"/>
                <label name="framework" value="CucumberJVM"/>
            </labels>
        </test-case>
    </test-cases>
    <labels>
        <label name="feature" value="Test mail.ru"/>
        <label name="language" value="JAVA"/>
    </labels>
</ns2:test-suite>
